<?xml version="1.0" encoding="UTF-8"?>
<!-- Generated by org.testng.reporters.JUnitXMLReporter -->
<testsuite hostname="SSTPR059" ignored="1" name="Test" tests="5" failures="1" timestamp="30 Sep 2019 10:39:03 GMT" time="0.196" errors="0">
  <testcase name="testCase1" time="0.009" classname="org.extentreport.TestReport"/>
  <testcase name="testCase2" time="0.002" classname="org.extentreport.TestReport"/>
  <testcase name="testCase3" time="0.001" classname="org.extentreport.TestReport"/>
  <testcase name="testCase4" time="0.002" classname="org.extentreport.TestReport">
    <failure type="java.lang.AssertionError" message="expected [true] but found [false]">
      <![CDATA[java.lang.AssertionError: expected [true] but found [false]
at org.extentreport.TestReport.testCase4(TestReport.java:79)
... Removed 29 stack frames]]>
    </failure>
  </testcase> <!-- testCase4 -->
  <testcase name="testCase5" time="0.001" classname="org.extentreport.TestReport">
    <skipped/>
  </testcase> <!-- testCase5 -->
  <testcase name="testCase6" time="0.0" classname="org.extentreport.TestReport">
    <ignored/>
  </testcase> <!-- testCase6 -->
</testsuite> <!-- Test -->
