<?xml version="1.0" encoding="UTF-8"?>
<testng-results skipped="0" failed="0" ignored="0" total="1" passed="1">
  <reporter-output>
  </reporter-output>
  <suite name="Default suite" duration-ms="21644" started-at="2019-11-11T12:51:52Z" finished-at="2019-11-11T12:52:13Z">
    <groups>
    </groups>
    <test name="Default test" duration-ms="21644" started-at="2019-11-11T12:51:52Z" finished-at="2019-11-11T12:52:13Z">
      <class name="org.extentreport.TestReport">
        <test-method status="PASS" signature="startTest()[pri:0, instance:org.extentreport.TestReport@7cd62f43]" name="startTest" is-config="true" duration-ms="106" started-at="2019-11-11T12:51:52Z" finished-at="2019-11-11T12:51:52Z">
          <reporter-output>
          </reporter-output>
        </test-method> <!-- startTest -->
        <test-method status="PASS" signature="extentReportsDemo()[pri:0, instance:org.extentreport.TestReport@7cd62f43]" name="extentReportsDemo" duration-ms="21326" started-at="2019-11-11T12:51:52Z" finished-at="2019-11-11T12:52:13Z">
          <reporter-output>
          </reporter-output>
        </test-method> <!-- extentReportsDemo -->
        <test-method status="PASS" signature="endTest()[pri:0, instance:org.extentreport.TestReport@7cd62f43]" name="endTest" is-config="true" duration-ms="198" started-at="2019-11-11T12:52:13Z" finished-at="2019-11-11T12:52:13Z">
          <reporter-output>
          </reporter-output>
        </test-method> <!-- endTest -->
      </class> <!-- org.extentreport.TestReport -->
    </test> <!-- Default test -->
  </suite> <!-- Default suite -->
</testng-results>
